<?xml version="1.0" encoding="UTF-8"?>
<testng-results ignored="0" total="1" passed="1" failed="0" skipped="0">
  <reporter-output>
  </reporter-output>
  <suite started-at="2024-12-01T06:44:27 PST" name="Default suite" finished-at="2024-12-01T06:44:30 PST" duration-ms="2271">
    <groups>
    </groups>
    <test started-at="2024-12-01T06:44:27 PST" name="Default test" finished-at="2024-12-01T06:44:30 PST" duration-ms="2271">
      <class name="DynamicViaExternalFile">
        <test-method signature="AddBook()[pri:0, instance:DynamicViaExternalFile@3d74bf60]" started-at="2024-12-01T06:44:27 PST" name="AddBook" finished-at="2024-12-01T06:44:30 PST" duration-ms="2223" status="PASS">
          <reporter-output>
          </reporter-output>
        </test-method> <!-- AddBook -->
      </class> <!-- DynamicViaExternalFile -->
    </test> <!-- Default test -->
  </suite> <!-- Default suite -->
</testng-results>
